[2019-03-17 09:58:36,809/CST][main][ERROR]Can not output merged.log4j.properties,because can not write to directory of file file:/C:/Users/pc/Desktop/HUAWEI/HUAWEI/helloworld-huawei/helloworld-provider/target/lib/transport-rest-vertx-1.1.0.B036.jar!/config/base/log4j.properties org.apache.servicecomb.foundation.common.utils.Log4jUtils.outputFile(Log4jUtils.java:103)
[2019-03-17 09:58:36,829/CST][main][INFO]Found main class "microservice.demo.training21days.provider.AppMain". org.apache.servicecomb.foundation.common.utils.JvmUtils.findMainClass(JvmUtils.java:62)
[2019-03-17 09:58:36,897/CST][main][INFO]Refreshing org.springframework.context.support.ClassPathXmlApplicationContext@15975490: startup date [Sun Mar 17 09:58:36 CST 2019]; root of context hierarchy org.springframework.context.support.AbstractApplicationContext.prepareRefresh(AbstractApplicationContext.java:583)
[2019-03-17 09:58:37,016/CST][main][INFO]Loading XML bean definitions from URL [jar:file:/C:/Users/pc/Desktop/HUAWEI/HUAWEI/helloworld-huawei/helloworld-provider/target/lib/foundation-config-1.1.0.B036.jar!/META-INF/spring/cse.bean.xml] org.springframework.beans.factory.xml.XmlBeanDefinitionReader.loadBeanDefinitions(XmlBeanDefinitionReader.java:317)
[2019-03-17 09:58:37,326/CST][main][INFO]Loading XML bean definitions from URL [jar:file:/C:/Users/pc/Desktop/HUAWEI/HUAWEI/helloworld-huawei/helloworld-provider/target/lib/foundation-vertx-1.1.0.B036.jar!/META-INF/spring/cse.bean.xml] org.springframework.beans.factory.xml.XmlBeanDefinitionReader.loadBeanDefinitions(XmlBeanDefinitionReader.java:317)
[2019-03-17 09:58:37,354/CST][main][INFO]Loading XML bean definitions from URL [jar:file:/C:/Users/pc/Desktop/HUAWEI/HUAWEI/helloworld-huawei/helloworld-provider/target/lib/java-chassis-core-1.1.0.B036.jar!/META-INF/spring/cse.bean.xml] org.springframework.beans.factory.xml.XmlBeanDefinitionReader.loadBeanDefinitions(XmlBeanDefinitionReader.java:317)
[2019-03-17 09:58:38,257/CST][main][INFO]Loading XML bean definitions from URL [jar:file:/C:/Users/pc/Desktop/HUAWEI/HUAWEI/helloworld-huawei/helloworld-provider/target/lib/handler-bizkeeper-1.1.0.B036.jar!/META-INF/spring/cse.bean.xml] org.springframework.beans.factory.xml.XmlBeanDefinitionReader.loadBeanDefinitions(XmlBeanDefinitionReader.java:317)
[2019-03-17 09:58:38,284/CST][main][INFO]Loading XML bean definitions from URL [jar:file:/C:/Users/pc/Desktop/HUAWEI/HUAWEI/helloworld-huawei/helloworld-provider/target/lib/handler-loadbalance-1.1.0.B036.jar!/META-INF/spring/cse.bean.xml] org.springframework.beans.factory.xml.XmlBeanDefinitionReader.loadBeanDefinitions(XmlBeanDefinitionReader.java:317)
[2019-03-17 09:58:38,310/CST][main][INFO]Loading XML bean definitions from URL [jar:file:/C:/Users/pc/Desktop/HUAWEI/HUAWEI/helloworld-huawei/helloworld-provider/target/lib/cse-handler-cloud-extension-2.3.62.jar!/META-INF/spring/services.bean.xml] org.springframework.beans.factory.xml.XmlBeanDefinitionReader.loadBeanDefinitions(XmlBeanDefinitionReader.java:317)
[2019-03-17 09:58:38,820/CST][main][INFO]Environment received, will get configurations from [org.springframework.core.env.StandardEnvironment@673672784]. org.apache.servicecomb.config.ConfigurationSpringInitializer.setEnvironment(ConfigurationSpringInitializer.java:59)
[2019-03-17 09:58:38,861/CST][main][WARN]No URLs will be polled as dynamic configuration sources. com.netflix.config.sources.URLConfigurationSource.<init>(URLConfigurationSource.java:121)
[2019-03-17 09:58:38,862/CST][main][INFO]To enable URLs as dynamic configuration sources, define System property archaius.configurationSource.additionalUrls or make config.properties available on classpath. com.netflix.config.sources.URLConfigurationSource.<init>(URLConfigurationSource.java:122)
[2019-03-17 09:58:39,012/CST][main][INFO]create local config: org.apache.servicecomb.config.ConfigUtil.createLocalConfig(ConfigUtil.java:114)
[2019-03-17 09:58:39,013/CST][main][INFO] jar:file:/C:/Users/pc/Desktop/HUAWEI/HUAWEI/helloworld-huawei/helloworld-provider/target/lib/java-chassis-core-1.1.0.B036.jar!/microservice.yaml. org.apache.servicecomb.config.ConfigUtil.createLocalConfig(ConfigUtil.java:116)
[2019-03-17 09:58:39,014/CST][main][INFO] jar:file:/C:/Users/pc/Desktop/HUAWEI/HUAWEI/helloworld-huawei/helloworld-provider/target/lib/cse-solution-service-engine-2.3.62.jar!/microservice.yaml. org.apache.servicecomb.config.ConfigUtil.createLocalConfig(ConfigUtil.java:116)
[2019-03-17 09:58:39,014/CST][main][INFO] jar:file:/C:/Users/pc/Desktop/HUAWEI/HUAWEI/helloworld-huawei/helloworld-provider/target/helloworld-provider-1.0-SNAPSHOT.jar!/microservice.yaml. org.apache.servicecomb.config.ConfigUtil.createLocalConfig(ConfigUtil.java:116)
[2019-03-17 09:58:39,065/CST][main][INFO]Found SPI service org.apache.servicecomb.config.spi.ConfigCenterConfigurationSource, count=1. org.apache.servicecomb.foundation.common.utils.SPIServiceUtils.loadSortedService(SPIServiceUtils.java:79)
[2019-03-17 09:58:39,065/CST][main][INFO]  0. org.apache.servicecomb.config.archaius.sources.ConfigCenterConfigurationSourceImpl. org.apache.servicecomb.foundation.common.utils.SPIServiceUtils.loadSortedService(SPIServiceUtils.java:82)
[2019-03-17 09:58:39,077/CST][main][INFO]create local config: org.apache.servicecomb.config.ConfigUtil.createLocalConfig(ConfigUtil.java:114)
[2019-03-17 09:58:39,078/CST][main][INFO] jar:file:/C:/Users/pc/Desktop/HUAWEI/HUAWEI/helloworld-huawei/helloworld-provider/target/lib/java-chassis-core-1.1.0.B036.jar!/microservice.yaml. org.apache.servicecomb.config.ConfigUtil.createLocalConfig(ConfigUtil.java:116)
[2019-03-17 09:58:39,078/CST][main][INFO] jar:file:/C:/Users/pc/Desktop/HUAWEI/HUAWEI/helloworld-huawei/helloworld-provider/target/lib/cse-solution-service-engine-2.3.62.jar!/microservice.yaml. org.apache.servicecomb.config.ConfigUtil.createLocalConfig(ConfigUtil.java:116)
[2019-03-17 09:58:39,079/CST][main][INFO] jar:file:/C:/Users/pc/Desktop/HUAWEI/HUAWEI/helloworld-huawei/helloworld-provider/target/helloworld-provider-1.0-SNAPSHOT.jar!/microservice.yaml. org.apache.servicecomb.config.ConfigUtil.createLocalConfig(ConfigUtil.java:116)
[2019-03-17 09:58:39,086/CST][main][INFO]Found SPI service org.apache.servicecomb.deployment.DeploymentProvider, count=1. org.apache.servicecomb.foundation.common.utils.SPIServiceUtils.loadSortedService(SPIServiceUtils.java:79)
[2019-03-17 09:58:39,087/CST][main][INFO]  0. org.apache.servicecomb.deployment.DefaultDeploymentProvider. org.apache.servicecomb.foundation.common.utils.SPIServiceUtils.loadSortedService(SPIServiceUtils.java:82)
[2019-03-17 09:58:40,365/CST][main][WARN]keyStore [server.p12] file not exist, please check! org.apache.servicecomb.foundation.vertx.VertxTLSBuilder.buildTCPSSLOptions(VertxTLSBuilder.java:118)
[2019-03-17 09:58:40,366/CST][main][WARN]trustStore [trust.jks] file not exist, please check! org.apache.servicecomb.foundation.vertx.VertxTLSBuilder.buildTCPSSLOptions(VertxTLSBuilder.java:138)
[2019-03-17 09:58:41,698/CST][config-center-vert.x-eventloop-thread-0][INFO]add network interface name:eth1,host address:192.168.179.1 org.apache.servicecomb.foundation.common.net.NetUtils.doGetIpv4AddressFromNetworkInterface(NetUtils.java:118)
[2019-03-17 09:58:41,721/CST][config-center-vert.x-eventloop-thread-0][INFO]add network interface name:wlan2,host address:192.168.43.142 org.apache.servicecomb.foundation.common.net.NetUtils.doGetIpv4AddressFromNetworkInterface(NetUtils.java:118)
[2019-03-17 09:58:41,728/CST][config-center-vert.x-eventloop-thread-0][INFO]add network interface name:eth5,host address:192.168.206.1 org.apache.servicecomb.foundation.common.net.NetUtils.doGetIpv4AddressFromNetworkInterface(NetUtils.java:118)
[2019-03-17 09:58:41,750/CST][config-center-vert.x-eventloop-thread-0][INFO]add network interface name:eth9,host address:10.0.75.1 org.apache.servicecomb.foundation.common.net.NetUtils.doGetIpv4AddressFromNetworkInterface(NetUtils.java:118)
[2019-03-17 09:58:41,764/CST][config-center-vert.x-eventloop-thread-0][INFO]add network interface name:eth10,host address:172.22.72.1 org.apache.servicecomb.foundation.common.net.NetUtils.doGetIpv4AddressFromNetworkInterface(NetUtils.java:118)
[2019-03-17 09:58:41,857/CST][config-center-vert.x-eventloop-thread-0][INFO]add host name from localhost:DESKTOP-0TE0QM5,host address:10.0.75.1 org.apache.servicecomb.foundation.common.net.NetUtils.doGetHostNameAndHostAddress(NetUtils.java:76)
[2019-03-17 09:58:41,915/CST][config-center-vert.x-eventloop-thread-0][INFO]Found SPI service com.huawei.paas.foundation.auth.credentials.AKSKCipher, count=2. org.apache.servicecomb.foundation.common.utils.SPIServiceUtils.loadSortedService(SPIServiceUtils.java:79)
[2019-03-17 09:58:41,916/CST][config-center-vert.x-eventloop-thread-0][INFO]  0. com.huawei.paas.foundation.auth.credentials.DefaultAKSKCipher. org.apache.servicecomb.foundation.common.utils.SPIServiceUtils.loadSortedService(SPIServiceUtils.java:82)
[2019-03-17 09:58:41,917/CST][config-center-vert.x-eventloop-thread-0][INFO]  1. com.huawei.paas.foundation.auth.credentials.SecurityAKSKCipher. org.apache.servicecomb.foundation.common.utils.SPIServiceUtils.loadSortedService(SPIServiceUtils.java:82)
[2019-03-17 09:58:41,920/CST][config-center-vert.x-eventloop-thread-0][INFO]add ak/sk cipher default com.huawei.paas.foundation.auth.credentials.AKSKManager.lambda$static$0(AKSKManager.java:41)
[2019-03-17 09:58:41,921/CST][config-center-vert.x-eventloop-thread-0][INFO]add ak/sk cipher security com.huawei.paas.foundation.auth.credentials.AKSKManager.lambda$static$0(AKSKManager.java:41)
[2019-03-17 09:58:41,923/CST][config-center-vert.x-eventloop-thread-0][INFO]read ak/sk from microservice.yaml. com.huawei.paas.foundation.auth.credentials.AKSKOption.buildFromYaml(AKSKOption.java:158)
[2019-03-17 09:58:50,899/CST][config-center-vert.x-eventloop-thread-0][ERROR]Config update from https://cse.cn-north-1.myhuaweicloud.com:443 failed. Error message is [The timeout period of 9000ms has been exceeded while executing GET /v3/default/configuration/items?dimensionsInfo=provider%40Training21Days-HelloWorld%230.0.1&revision=default for host cse.cn-north-1.myhuaweicloud.com]. org.apache.servicecomb.config.client.ConfigCenterClient$ConfigRefresh.lambda$null$13(ConfigCenterClient.java:426)
[2019-03-17 09:58:51,329/CST][main][INFO]JSR-330 'javax.inject.Inject' annotation found and supported for autowiring org.springframework.beans.factory.annotation.AutowiredAnnotationBeanPostProcessor.<init>(AutowiredAnnotationBeanPostProcessor.java:155)
[2019-03-17 09:58:51,562/CST][main][INFO]Found SPI service org.apache.servicecomb.swagger.generator.core.CommonParameterTypeProcessor, count=3. org.apache.servicecomb.foundation.common.utils.SPIServiceUtils.loadSortedService(SPIServiceUtils.java:79)
[2019-03-17 09:58:51,563/CST][main][INFO]  0. org.apache.servicecomb.swagger.generator.springmvc.processor.parameter.MultipartFileTypeProcessor. org.apache.servicecomb.foundation.common.utils.SPIServiceUtils.loadSortedService(SPIServiceUtils.java:82)
[2019-03-17 09:58:51,564/CST][main][INFO]  1. org.apache.servicecomb.swagger.generator.core.processor.parametertype.HttpServletRequestProcessor. org.apache.servicecomb.foundation.common.utils.SPIServiceUtils.loadSortedService(SPIServiceUtils.java:82)
[2019-03-17 09:58:51,565/CST][main][INFO]  2. org.apache.servicecomb.swagger.invocation.generator.InvocationContextProcessor. org.apache.servicecomb.foundation.common.utils.SPIServiceUtils.loadSortedService(SPIServiceUtils.java:82)
[2019-03-17 09:58:51,587/CST][main][INFO]Found SPI service org.apache.servicecomb.swagger.generator.core.ResponseTypeProcessor, count=3. org.apache.servicecomb.foundation.common.utils.SPIServiceUtils.loadSortedService(SPIServiceUtils.java:79)
[2019-03-17 09:58:51,587/CST][main][INFO]  0. org.apache.servicecomb.swagger.generator.springmvc.processor.response.ResponseEntityProcessor. org.apache.servicecomb.foundation.common.utils.SPIServiceUtils.loadSortedService(SPIServiceUtils.java:82)
[2019-03-17 09:58:51,590/CST][main][INFO]  1. org.apache.servicecomb.swagger.generator.core.processor.response.CompletableFutureProcessor. org.apache.servicecomb.foundation.common.utils.SPIServiceUtils.loadSortedService(SPIServiceUtils.java:82)
[2019-03-17 09:58:51,592/CST][main][INFO]  2. org.apache.servicecomb.swagger.generator.jaxrs.processor.response.JaxrsResponseProcessor. org.apache.servicecomb.foundation.common.utils.SPIServiceUtils.loadSortedService(SPIServiceUtils.java:82)
[2019-03-17 09:58:51,675/CST][main][INFO]Found SPI service org.apache.servicecomb.swagger.generator.core.SwaggerGeneratorContext, count=3. org.apache.servicecomb.foundation.common.utils.SPIServiceUtils.loadSortedService(SPIServiceUtils.java:79)
[2019-03-17 09:58:51,680/CST][main][INFO]  0. org.apache.servicecomb.swagger.generator.springmvc.SpringmvcSwaggerGeneratorContext. org.apache.servicecomb.foundation.common.utils.SPIServiceUtils.loadSortedService(SPIServiceUtils.java:82)
[2019-03-17 09:58:51,682/CST][main][INFO]  1. org.apache.servicecomb.swagger.generator.jaxrs.JaxrsSwaggerGeneratorContext. org.apache.servicecomb.foundation.common.utils.SPIServiceUtils.loadSortedService(SPIServiceUtils.java:82)
[2019-03-17 09:58:51,684/CST][main][INFO]  2. org.apache.servicecomb.swagger.generator.pojo.PojoSwaggerGeneratorContext. org.apache.servicecomb.foundation.common.utils.SPIServiceUtils.loadSortedService(SPIServiceUtils.java:82)
[2019-03-17 09:58:51,807/CST][main][INFO]Found SPI service org.apache.servicecomb.swagger.invocation.response.producer.ProducerResponseMapperFactory, count=5. org.apache.servicecomb.foundation.common.utils.SPIServiceUtils.loadSortedService(SPIServiceUtils.java:79)
[2019-03-17 09:58:51,808/CST][main][INFO]  0. org.apache.servicecomb.swagger.invocation.springmvc.response.SpringmvcProducerResponseMapperFactory. org.apache.servicecomb.foundation.common.utils.SPIServiceUtils.loadSortedService(SPIServiceUtils.java:82)
[2019-03-17 09:58:51,810/CST][main][INFO]  1. org.apache.servicecomb.swagger.invocation.jaxrs.response.JaxrsProducerResponseMapperFactory. org.apache.servicecomb.foundation.common.utils.SPIServiceUtils.loadSortedService(SPIServiceUtils.java:82)
[2019-03-17 09:58:51,811/CST][main][INFO]  2. org.apache.servicecomb.swagger.invocation.response.producer.CseResponseProducerResponseMapperFactory. org.apache.servicecomb.foundation.common.utils.SPIServiceUtils.loadSortedService(SPIServiceUtils.java:82)
[2019-03-17 09:58:51,812/CST][main][INFO]  3. org.apache.servicecomb.swagger.invocation.response.producer.CompletableFutureProducerResponseMapperFactory. org.apache.servicecomb.foundation.common.utils.SPIServiceUtils.loadSortedService(SPIServiceUtils.java:82)
[2019-03-17 09:58:51,813/CST][main][INFO]  4. org.apache.servicecomb.swagger.invocation.response.producer.DefaultProducerResponseMapperFactory. org.apache.servicecomb.foundation.common.utils.SPIServiceUtils.loadSortedService(SPIServiceUtils.java:82)
[2019-03-17 09:58:51,825/CST][main][INFO]Found SPI service org.apache.servicecomb.swagger.invocation.response.consumer.ConsumerResponseMapperFactory, count=5. org.apache.servicecomb.foundation.common.utils.SPIServiceUtils.loadSortedService(SPIServiceUtils.java:79)
[2019-03-17 09:58:51,826/CST][main][INFO]  0. org.apache.servicecomb.swagger.invocation.springmvc.response.SpringmvcConsumerResponseMapperFactory. org.apache.servicecomb.foundation.common.utils.SPIServiceUtils.loadSortedService(SPIServiceUtils.java:82)
[2019-03-17 09:58:51,830/CST][main][INFO]  1. org.apache.servicecomb.swagger.invocation.jaxrs.response.JaxrsConsumerResponseMapperFactory. org.apache.servicecomb.foundation.common.utils.SPIServiceUtils.loadSortedService(SPIServiceUtils.java:82)
[2019-03-17 09:58:51,832/CST][main][INFO]  2. org.apache.servicecomb.swagger.invocation.response.consumer.CseResponseConsumerResponseMapperFactory. org.apache.servicecomb.foundation.common.utils.SPIServiceUtils.loadSortedService(SPIServiceUtils.java:82)
[2019-03-17 09:58:51,833/CST][main][INFO]  3. org.apache.servicecomb.swagger.invocation.response.consumer.CompletableFutureConsumerResponseMapperFactory. org.apache.servicecomb.foundation.common.utils.SPIServiceUtils.loadSortedService(SPIServiceUtils.java:82)
[2019-03-17 09:58:51,834/CST][main][INFO]  4. org.apache.servicecomb.swagger.invocation.response.consumer.DefaultConsumerResponseMapperFactory. org.apache.servicecomb.foundation.common.utils.SPIServiceUtils.loadSortedService(SPIServiceUtils.java:82)
[2019-03-17 09:58:52,092/CST][main][INFO]load microservice config, name=provider, paths=[jar:file:/C:/Users/pc/Desktop/HUAWEI/HUAWEI/helloworld-huawei/helloworld-provider/target/lib/java-chassis-core-1.1.0.B036.jar!/microservice.yaml, jar:file:/C:/Users/pc/Desktop/HUAWEI/HUAWEI/helloworld-huawei/helloworld-provider/target/lib/cse-solution-service-engine-2.3.62.jar!/microservice.yaml, jar:file:/C:/Users/pc/Desktop/HUAWEI/HUAWEI/helloworld-huawei/helloworld-provider/target/helloworld-provider-1.0-SNAPSHOT.jar!/microservice.yaml] org.apache.servicecomb.serviceregistry.definition.MicroserviceDefinition.logConfigPath(MicroserviceDefinition.java:142)
[2019-03-17 09:58:52,105/CST][main][INFO]It is running in the normal mode, a separated service registry is required org.apache.servicecomb.serviceregistry.registry.ServiceRegistryFactory.create(ServiceRegistryFactory.java:81)
[2019-03-17 09:58:52,187/CST][main][INFO]Found SPI service org.apache.servicecomb.serviceregistry.registry.ServiceRegistryTaskInitializer, count=1. org.apache.servicecomb.foundation.common.utils.SPIServiceUtils.loadSortedService(SPIServiceUtils.java:79)
[2019-03-17 09:58:52,187/CST][main][INFO]  0. org.apache.servicecomb.serviceregistry.diagnosis.instance.InstanceCacheCheckTask. org.apache.servicecomb.foundation.common.utils.SPIServiceUtils.loadSortedService(SPIServiceUtils.java:82)
[2019-03-17 09:58:52,191/CST][main][INFO]microserviceVersionFactory is org.apache.servicecomb.core.definition.PrivateMicroserviceVersionMetaFactory. org.apache.servicecomb.serviceregistry.registry.AbstractServiceRegistry.initAppManager(AbstractServiceRegistry.java:125)
[2019-03-17 09:58:52,228/CST][main][INFO]executor group 2, thread per group 4. org.apache.servicecomb.core.executor.FixedThreadExecutor.<init>(FixedThreadExecutor.java:56)
[2019-03-17 09:58:52,442/CST][main][INFO]Found SPI service org.apache.servicecomb.core.BootListener, count=0. org.apache.servicecomb.foundation.common.utils.SPIServiceUtils.loadSortedService(SPIServiceUtils.java:79)
[2019-03-17 09:58:52,523/CST][main][INFO]Loaded properties file jar:file:/C:/Users/pc/Desktop/HUAWEI/HUAWEI/helloworld-huawei/helloworld-provider/target/lib/handler-bizkeeper-1.1.0.B036.jar!/hystrix-plugins.properties com.netflix.config.util.ConfigurationUtils.getConfigFromPropertiesFile(ConfigurationUtils.java:183)
[2019-03-17 09:58:52,531/CST][config-center-vert.x-eventloop-thread-0][ERROR]Config update from https://cse.cn-north-1.myhuaweicloud.com:443 failed. Error message is [Search domain query failed. Original hostname: 'cse.cn-north-1.myhuaweicloud.com' failed to resolve 'cse.cn-north-1.myhuaweicloud.com'. Exceeded max queries per resolve 4 ]. org.apache.servicecomb.config.client.ConfigCenterClient$ConfigRefresh.lambda$null$13(ConfigCenterClient.java:426)
[2019-03-17 09:58:52,533/CST][config-center-vert.x-eventloop-thread-0][ERROR]Config update from https://cse.cn-north-1.myhuaweicloud.com:443 failed. Error message is [Search domain query failed. Original hostname: 'cse.cn-north-1.myhuaweicloud.com' failed to resolve 'cse.cn-north-1.myhuaweicloud.com'. Exceeded max queries per resolve 4 ]. org.apache.servicecomb.config.client.ConfigCenterClient$ConfigRefresh.lambda$null$13(ConfigCenterClient.java:426)
[2019-03-17 09:58:52,563/CST][main][INFO]select [org.apache.servicecomb.swagger.generator.springmvc.SpringmvcSwaggerGeneratorContext] for [microservice.demo.training21days.provider.service.HelloService] to generate schema. org.apache.servicecomb.swagger.generator.core.CompositeSwaggerGeneratorContext.lambda$selectContext$0(CompositeSwaggerGeneratorContext.java:61)
[2019-03-17 09:58:52,588/CST][main][INFO]Found SPI service org.apache.servicecomb.swagger.extend.property.creator.PropertyCreator, count=1. org.apache.servicecomb.foundation.common.utils.SPIServiceUtils.loadSortedService(SPIServiceUtils.java:79)
[2019-03-17 09:58:52,588/CST][main][INFO]  0. org.apache.servicecomb.swagger.extend.property.creator.springmvc.MultipartFilePropertyCreator. org.apache.servicecomb.foundation.common.utils.SPIServiceUtils.loadSortedService(SPIServiceUtils.java:82)
[2019-03-17 09:58:52,704/CST][main][INFO]generate swagger for Training21Days-HelloWorld/provider/hello, swagger: ---
swagger: "2.0"
info:
  version: "1.0.0"
  title: "swagger definition for microservice.demo.training21days.provider.service.HelloService"
  x-java-interface: "cse.gen.Training21Days_HelloWorld.provider.hello.HelloServiceIntf"
basePath: "/provider/v0"
consumes:
- "application/json"
produces:
- "application/json"
paths:
  /greeting:
    post:
      operationId: "greeting"
      parameters:
      - in: "body"
        name: "person"
        required: true
        schema:
          $ref: "#/definitions/Person"
      responses:
        200:
          description: "response of 200"
          schema:
            $ref: "#/definitions/GreetingResponse"
  /hello:
    get:
      operationId: "sayHello"
      parameters:
      - name: "name"
        in: "query"
        required: true
        type: "string"
      responses:
        200:
          description: "response of 200"
          schema:
            type: "string"
definitions:
  Person:
    type: "object"
    properties:
      name:
        type: "string"
      gender:
        type: "string"
        enum:
        - "MALE"
        - "FEMALE"
        x-java-class: "microservice.demo.training21days.provider.service.Gender"
    x-java-class: "microservice.demo.training21days.provider.service.Person"
  GreetingResponse:
    type: "object"
    properties:
      msg:
        type: "string"
      timestamp:
        type: "string"
        format: "date-time"
    x-java-class: "microservice.demo.training21days.provider.service.GreetingResponse"
 org.apache.servicecomb.core.definition.schema.ProducerSchemaFactory.createSchema(ProducerSchemaFactory.java:118)
[2019-03-17 09:58:52,705/CST][main][INFO]register schema Training21Days-HelloWorld/provider/hello org.apache.servicecomb.core.definition.loader.SchemaLoader.registerSchema(SchemaLoader.java:83)
[2019-03-17 09:58:52,920/CST][main][INFO]create CtClass cse.gen.Training21Days_HelloWorld.provider.hello.HelloServiceIntf in classLoader sun.misc.Launcher$AppClassLoader@55f96302. org.apache.servicecomb.common.javassist.JavassistUtils.createCtClass(JavassistUtils.java:185)
[2019-03-17 09:58:52,927/CST][main][INFO]create class cse.gen.Training21Days_HelloWorld.provider.hello.HelloServiceIntf in classLoader sun.misc.Launcher$AppClassLoader@55f96302. org.apache.servicecomb.common.javassist.JavassistUtils.createClass(JavassistUtils.java:217)
[2019-03-17 09:58:52,932/CST][main][INFO]Found SPI service org.apache.servicecomb.swagger.invocation.response.ResponseMetaMapper, count=0. org.apache.servicecomb.foundation.common.utils.SPIServiceUtils.loadSortedService(SPIServiceUtils.java:79)
[2019-03-17 09:58:52,936/CST][main][INFO]Can not find SPI service for org.apache.servicecomb.swagger.invocation.response.ResponseMetaMapper org.apache.servicecomb.foundation.common.utils.SPIServiceUtils.getPriorityHighestService(SPIServiceUtils.java:128)
[2019-03-17 09:58:52,955/CST][main][INFO]Found SPI service org.apache.servicecomb.serviceregistry.discovery.DiscoveryFilter, count=5. org.apache.servicecomb.foundation.common.utils.SPIServiceUtils.loadSortedService(SPIServiceUtils.java:79)
[2019-03-17 09:58:52,955/CST][main][INFO]  0. org.apache.servicecomb.serviceregistry.discovery.InstanceStatusDiscoveryFilter. org.apache.servicecomb.foundation.common.utils.SPIServiceUtils.loadSortedService(SPIServiceUtils.java:82)
[2019-03-17 09:58:52,957/CST][main][INFO]  1. org.apache.servicecomb.core.filter.OperationInstancesDiscoveryFilter. org.apache.servicecomb.foundation.common.utils.SPIServiceUtils.loadSortedService(SPIServiceUtils.java:82)
[2019-03-17 09:58:52,958/CST][main][INFO]  2. org.apache.servicecomb.loadbalance.filter.ZoneAwareDiscoveryFilter. org.apache.servicecomb.foundation.common.utils.SPIServiceUtils.loadSortedService(SPIServiceUtils.java:82)
[2019-03-17 09:58:52,961/CST][main][INFO]  3. org.apache.servicecomb.loadbalance.filter.InstancePropertyDiscoveryFilter. org.apache.servicecomb.foundation.common.utils.SPIServiceUtils.loadSortedService(SPIServiceUtils.java:82)
[2019-03-17 09:58:52,962/CST][main][INFO]  4. org.apache.servicecomb.loadbalance.filter.IsolationDiscoveryFilter. org.apache.servicecomb.foundation.common.utils.SPIServiceUtils.loadSortedService(SPIServiceUtils.java:82)
[2019-03-17 09:58:52,965/CST][main][INFO]DiscoveryFilter org.apache.servicecomb.serviceregistry.discovery.InstanceStatusDiscoveryFilter, enabled true. org.apache.servicecomb.serviceregistry.discovery.DiscoveryTree.sort(DiscoveryTree.java:104)
[2019-03-17 09:58:52,967/CST][main][INFO]DiscoveryFilter org.apache.servicecomb.core.filter.OperationInstancesDiscoveryFilter, enabled true. org.apache.servicecomb.serviceregistry.discovery.DiscoveryTree.sort(DiscoveryTree.java:104)
[2019-03-17 09:58:52,968/CST][main][INFO]DiscoveryFilter org.apache.servicecomb.loadbalance.filter.ZoneAwareDiscoveryFilter, enabled true. org.apache.servicecomb.serviceregistry.discovery.DiscoveryTree.sort(DiscoveryTree.java:104)
[2019-03-17 09:58:52,969/CST][main][INFO]DiscoveryFilter org.apache.servicecomb.loadbalance.filter.InstancePropertyDiscoveryFilter, enabled true. org.apache.servicecomb.serviceregistry.discovery.DiscoveryTree.sort(DiscoveryTree.java:104)
[2019-03-17 09:58:52,969/CST][main][INFO]DiscoveryFilter org.apache.servicecomb.loadbalance.filter.IsolationDiscoveryFilter, enabled true. org.apache.servicecomb.serviceregistry.discovery.DiscoveryTree.sort(DiscoveryTree.java:104)
[2019-03-17 09:58:52,970/CST][main][INFO]DiscoveryFilter org.apache.servicecomb.loadbalance.filter.ServerDiscoveryFilter, enabled true. org.apache.servicecomb.serviceregistry.discovery.DiscoveryTree.sort(DiscoveryTree.java:104)
[2019-03-17 09:58:52,974/CST][main][INFO]Found SPI service org.apache.servicecomb.faultinjection.Fault, count=2. org.apache.servicecomb.foundation.common.utils.SPIServiceUtils.loadSortedService(SPIServiceUtils.java:79)
[2019-03-17 09:58:52,979/CST][main][INFO]  0. org.apache.servicecomb.faultinjection.DelayFault. org.apache.servicecomb.foundation.common.utils.SPIServiceUtils.loadSortedService(SPIServiceUtils.java:82)
[2019-03-17 09:58:52,980/CST][main][INFO]  1. org.apache.servicecomb.faultinjection.AbortFault. org.apache.servicecomb.foundation.common.utils.SPIServiceUtils.loadSortedService(SPIServiceUtils.java:82)
[2019-03-17 09:58:52,999/CST][main][INFO]Found SPI service org.apache.servicecomb.swagger.invocation.extension.ProducerInvokeExtension, count=1. org.apache.servicecomb.foundation.common.utils.SPIServiceUtils.loadSortedService(SPIServiceUtils.java:79)
[2019-03-17 09:58:52,999/CST][main][INFO]  0. org.apache.servicecomb.swagger.invocation.validator.ParameterValidator. org.apache.servicecomb.foundation.common.utils.SPIServiceUtils.loadSortedService(SPIServiceUtils.java:82)
[2019-03-17 09:58:53,016/CST][main][WARN]address /0.0.0.0:8080, auto select a host address to publish 10.0.75.1:8080, maybe not the correct one org.apache.servicecomb.serviceregistry.RegistryUtils.genPublishIpPort(RegistryUtils.java:183)
[2019-03-17 09:58:53,021/CST][main][INFO]choose org.apache.servicecomb.transport.rest.vertx.VertxRestTransport for rest. org.apache.servicecomb.core.transport.TransportManager.chooseOneTransport(TransportManager.java:84)
[2019-03-17 09:58:53,021/CST][main][INFO]choose org.apache.servicecomb.transport.highway.HighwayTransport for highway. org.apache.servicecomb.core.transport.TransportManager.chooseOneTransport(TransportManager.java:84)
[2019-03-17 09:58:53,033/CST][main][INFO]Found SPI service org.apache.servicecomb.common.rest.filter.HttpClientFilter, count=3. org.apache.servicecomb.foundation.common.utils.SPIServiceUtils.loadSortedService(SPIServiceUtils.java:79)
[2019-03-17 09:58:53,034/CST][main][INFO]  0. org.apache.servicecomb.provider.springmvc.reference.RestTemplateCopyHeaderFilter. org.apache.servicecomb.foundation.common.utils.SPIServiceUtils.loadSortedService(SPIServiceUtils.java:82)
[2019-03-17 09:58:53,035/CST][main][INFO]  1. org.apache.servicecomb.common.rest.filter.inner.ClientRestArgsFilter. org.apache.servicecomb.foundation.common.utils.SPIServiceUtils.loadSortedService(SPIServiceUtils.java:82)
[2019-03-17 09:58:53,036/CST][main][INFO]  2. org.apache.servicecomb.transport.rest.client.http.DefaultHttpClientFilter. org.apache.servicecomb.foundation.common.utils.SPIServiceUtils.loadSortedService(SPIServiceUtils.java:82)
[2019-03-17 09:58:53,037/CST][main][WARN]keyStore [server.p12] file not exist, please check! org.apache.servicecomb.foundation.vertx.VertxTLSBuilder.buildTCPSSLOptions(VertxTLSBuilder.java:118)
[2019-03-17 09:58:53,038/CST][main][WARN]trustStore [trust.jks] file not exist, please check! org.apache.servicecomb.foundation.vertx.VertxTLSBuilder.buildTCPSSLOptions(VertxTLSBuilder.java:138)
[2019-03-17 09:58:53,044/CST][main][WARN]keyStore [server.p12] file not exist, please check! org.apache.servicecomb.foundation.vertx.VertxTLSBuilder.buildTCPSSLOptions(VertxTLSBuilder.java:118)
[2019-03-17 09:58:53,045/CST][main][WARN]trustStore [trust.jks] file not exist, please check! org.apache.servicecomb.foundation.vertx.VertxTLSBuilder.buildTCPSSLOptions(VertxTLSBuilder.java:138)
[2019-03-17 09:58:53,608/CST][transport-vert.x-eventloop-thread-4][INFO]Found SPI service org.apache.servicecomb.transport.rest.vertx.GlobalRestFailureHandler, count=0. org.apache.servicecomb.foundation.common.utils.SPIServiceUtils.loadSortedService(SPIServiceUtils.java:79)
[2019-03-17 09:58:53,609/CST][transport-vert.x-eventloop-thread-4][INFO]Can not find SPI service for org.apache.servicecomb.transport.rest.vertx.GlobalRestFailureHandler org.apache.servicecomb.foundation.common.utils.SPIServiceUtils.getPriorityHighestService(SPIServiceUtils.java:128)
[2019-03-17 09:58:53,620/CST][transport-vert.x-eventloop-thread-4][INFO]Found SPI service org.apache.servicecomb.common.rest.filter.HttpServerFilter, count=1. org.apache.servicecomb.foundation.common.utils.SPIServiceUtils.loadSortedService(SPIServiceUtils.java:79)
[2019-03-17 09:58:53,621/CST][transport-vert.x-eventloop-thread-4][INFO]  0. org.apache.servicecomb.common.rest.filter.inner.ServerRestArgsFilter. org.apache.servicecomb.foundation.common.utils.SPIServiceUtils.loadSortedService(SPIServiceUtils.java:82)
[2019-03-17 09:58:53,626/CST][transport-vert.x-eventloop-thread-4][INFO]Found SPI service org.apache.servicecomb.transport.rest.vertx.VertxHttpDispatcher, count=1. org.apache.servicecomb.foundation.common.utils.SPIServiceUtils.loadSortedService(SPIServiceUtils.java:79)
[2019-03-17 09:58:53,627/CST][transport-vert.x-eventloop-thread-4][INFO]  0. org.apache.servicecomb.transport.rest.vertx.VertxRestDispatcher. org.apache.servicecomb.foundation.common.utils.SPIServiceUtils.loadSortedService(SPIServiceUtils.java:82)
[2019-03-17 09:58:53,645/CST][transport-vert.x-eventloop-thread-4][INFO]servicecomb.uploads.directory is null, not support upload. org.apache.servicecomb.common.rest.UploadConfig.toMultipartConfigElement(UploadConfig.java:92)
[2019-03-17 09:58:53,686/CST][transport-vert.x-eventloop-thread-4][INFO]rest listen success. address=0.0.0.0:8080 org.apache.servicecomb.transport.rest.vertx.RestServerVerticle.lambda$startListen$3(RestServerVerticle.java:218)
[2019-03-17 09:58:53,688/CST][main][INFO]endpoint to publish: rest://10.0.75.1:8080 org.apache.servicecomb.core.transport.TransportManager.init(TransportManager.java:58)
[2019-03-17 09:58:53,690/CST][main][WARN]keyStore [server.p12] file not exist, please check! org.apache.servicecomb.foundation.vertx.VertxTLSBuilder.buildTCPSSLOptions(VertxTLSBuilder.java:118)
[2019-03-17 09:58:53,692/CST][main][WARN]trustStore [trust.jks] file not exist, please check! org.apache.servicecomb.foundation.vertx.VertxTLSBuilder.buildTCPSSLOptions(VertxTLSBuilder.java:138)
[2019-03-17 09:58:53,694/CST][main][WARN]keyStore [server.p12] file not exist, please check! org.apache.servicecomb.foundation.vertx.VertxTLSBuilder.buildTCPSSLOptions(VertxTLSBuilder.java:118)
[2019-03-17 09:58:53,695/CST][main][WARN]trustStore [trust.jks] file not exist, please check! org.apache.servicecomb.foundation.vertx.VertxTLSBuilder.buildTCPSSLOptions(VertxTLSBuilder.java:138)
[2019-03-17 09:58:53,714/CST][transport-vert.x-eventloop-thread-0][WARN]highway listen address is not configured, will not listen. org.apache.servicecomb.transport.highway.HighwayServerVerticle.startListen(HighwayServerVerticle.java:65)
[2019-03-17 09:58:53,720/CST][main][INFO]Found SPI service org.apache.servicecomb.common.rest.codec.produce.ProduceProcessor, count=2. org.apache.servicecomb.foundation.common.utils.SPIServiceUtils.loadSortedService(SPIServiceUtils.java:79)
[2019-03-17 09:58:53,721/CST][main][INFO]  0. org.apache.servicecomb.common.rest.codec.produce.ProduceJsonProcessor. org.apache.servicecomb.foundation.common.utils.SPIServiceUtils.loadSortedService(SPIServiceUtils.java:82)
[2019-03-17 09:58:53,722/CST][main][INFO]  1. org.apache.servicecomb.common.rest.codec.produce.ProduceTextPlainProcessor. org.apache.servicecomb.foundation.common.utils.SPIServiceUtils.loadSortedService(SPIServiceUtils.java:82)
[2019-03-17 09:58:53,749/CST][main][INFO]add schema to service paths. Training21Days-HelloWorld:provider:hello. org.apache.servicecomb.common.rest.locator.ServicePathManager.addSchema(ServicePathManager.java:91)
[2019-03-17 09:58:53,750/CST][main][INFO]Swagger mapped "{[/provider/v0/greeting/], method=[POST], produces=[application/json]}" onto public abstract microservice.demo.training21days.provider.service.GreetingResponse cse.gen.Training21Days_HelloWorld.provider.hello.HelloServiceIntf.greeting(microservice.demo.training21days.provider.service.Person) org.apache.servicecomb.common.rest.locator.MicroservicePaths.printPath(MicroservicePaths.java:103)
[2019-03-17 09:58:53,751/CST][main][INFO]Swagger mapped "{[/provider/v0/hello/], method=[GET], produces=[application/json]}" onto public abstract java.lang.String cse.gen.Training21Days_HelloWorld.provider.hello.HelloServiceIntf.sayHello(java.lang.String) org.apache.servicecomb.common.rest.locator.MicroservicePaths.printPath(MicroservicePaths.java:103)
[2019-03-17 09:58:53,962/CST][main][WARN]Failed to create lambda for method: public void org.apache.servicecomb.core.SCBEngine$1.afterRegistryInstance(org.apache.servicecomb.serviceregistry.task.MicroserviceInstanceRegisterTask), fallback to reflect. org.apache.servicecomb.foundation.common.event.SimpleSubscriber.<init>(SimpleSubscriber.java:48)
[2019-03-17 09:58:53,971/CST][main][INFO]running microservice register task. org.apache.servicecomb.serviceregistry.task.MicroserviceRegisterTask.doRegister(MicroserviceRegisterTask.java:75)
[2019-03-17 09:58:54,030/CST][main][WARN]keyStore [server.p12] file not exist, please check! org.apache.servicecomb.foundation.vertx.VertxTLSBuilder.buildTCPSSLOptions(VertxTLSBuilder.java:118)
[2019-03-17 09:58:54,033/CST][main][WARN]trustStore [trust.jks] file not exist, please check! org.apache.servicecomb.foundation.vertx.VertxTLSBuilder.buildTCPSSLOptions(VertxTLSBuilder.java:138)
[2019-03-17 09:59:04,057/CST][registry-vert.x-eventloop-thread-0][ERROR]GET /v4/default/registry/existence?appId=Training21Days-HelloWorld&type=microservice&serviceName=provider&env=development&version=0.0.1 fail, endpoint is cse.cn-north-1.myhuaweicloud.com:443, message: Search domain query failed. Original hostname: 'cse.cn-north-1.myhuaweicloud.com' failed to resolve 'cse.cn-north-1.myhuaweicloud.com'. Exceeded max queries per resolve 4  org.apache.servicecomb.serviceregistry.client.http.RestUtils.lambda$null$1(RestUtils.java:93)
[2019-03-17 09:59:04,058/CST][registry-vert.x-eventloop-thread-0][WARN]invoke service [/v4/default/registry/existence] failed, retry. org.apache.servicecomb.serviceregistry.client.http.ServiceRegistryClientImpl.retry(ServiceRegistryClientImpl.java:105)
[2019-03-17 09:59:04,060/CST][registry-vert.x-eventloop-thread-0][INFO]Change service center address from cse.cn-north-1.myhuaweicloud.com:443 to cse.cn-north-1.myhuaweicloud.com:443 org.apache.servicecomb.serviceregistry.client.IpPortManager.getNextAvailableAddress(IpPortManager.java:100)
[2019-03-17 09:59:06,537/CST][config-center-vert.x-eventloop-thread-0][ERROR]Config update from https://cse.cn-north-1.myhuaweicloud.com:443 failed. Error message is [The timeout period of 9000ms has been exceeded while executing GET /v3/default/configuration/items?dimensionsInfo=provider%40Training21Days-HelloWorld%230.0.1&revision=default for host cse.cn-north-1.myhuaweicloud.com]. org.apache.servicecomb.config.client.ConfigCenterClient$ConfigRefresh.lambda$null$13(ConfigCenterClient.java:426)
[2019-03-17 09:59:07,539/CST][config-center-vert.x-eventloop-thread-0][ERROR]Config update from https://cse.cn-north-1.myhuaweicloud.com:443 failed. Error message is [Search domain query failed. Original hostname: 'cse.cn-north-1.myhuaweicloud.com' failed to resolve 'cse.cn-north-1.myhuaweicloud.com'. Exceeded max queries per resolve 4 ]. org.apache.servicecomb.config.client.ConfigCenterClient$ConfigRefresh.lambda$null$13(ConfigCenterClient.java:426)
[2019-03-17 09:59:14,066/CST][registry-vert.x-eventloop-thread-0][ERROR]GET /v4/default/registry/existence?appId=Training21Days-HelloWorld&type=microservice&serviceName=provider&env=development&version=0.0.1 fail, endpoint is cse.cn-north-1.myhuaweicloud.com:443, message: Search domain query failed. Original hostname: 'cse.cn-north-1.myhuaweicloud.com' failed to resolve 'cse.cn-north-1.myhuaweicloud.com'. Exceeded max queries per resolve 4  org.apache.servicecomb.serviceregistry.client.http.RestUtils.lambda$null$1(RestUtils.java:93)
[2019-03-17 09:59:14,067/CST][registry-vert.x-eventloop-thread-0][WARN]invoke service [/v4/default/registry/existence] failed, retry. org.apache.servicecomb.serviceregistry.client.http.ServiceRegistryClientImpl.retry(ServiceRegistryClientImpl.java:105)
[2019-03-17 09:59:14,069/CST][registry-vert.x-eventloop-thread-0][INFO]Change service center address from cse.cn-north-1.myhuaweicloud.com:443 to cse.cn-north-1.myhuaweicloud.com:443 org.apache.servicecomb.serviceregistry.client.IpPortManager.getNextAvailableAddress(IpPortManager.java:100)
[2019-03-17 09:59:20,540/CST][config-center-vert.x-eventloop-thread-0][ERROR]Config update from https://cse.cn-north-1.myhuaweicloud.com:443 failed. Error message is [The timeout period of 9000ms has been exceeded while executing GET /v3/default/configuration/items?dimensionsInfo=provider%40Training21Days-HelloWorld%230.0.1&revision=default for host cse.cn-north-1.myhuaweicloud.com]. org.apache.servicecomb.config.client.ConfigCenterClient$ConfigRefresh.lambda$null$13(ConfigCenterClient.java:426)
[2019-03-17 09:59:21,542/CST][config-center-vert.x-eventloop-thread-0][ERROR]Config update from https://cse.cn-north-1.myhuaweicloud.com:443 failed. Error message is [Search domain query failed. Original hostname: 'cse.cn-north-1.myhuaweicloud.com' failed to resolve 'cse.cn-north-1.myhuaweicloud.com'. Exceeded max queries per resolve 4 ]. org.apache.servicecomb.config.client.ConfigCenterClient$ConfigRefresh.lambda$null$13(ConfigCenterClient.java:426)
[2019-03-17 09:59:24,077/CST][registry-vert.x-eventloop-thread-0][ERROR]GET /v4/default/registry/existence?appId=Training21Days-HelloWorld&type=microservice&serviceName=provider&env=development&version=0.0.1 fail, endpoint is cse.cn-north-1.myhuaweicloud.com:443, message: Search domain query failed. Original hostname: 'cse.cn-north-1.myhuaweicloud.com' failed to resolve 'cse.cn-north-1.myhuaweicloud.com'. Exceeded max queries per resolve 4  org.apache.servicecomb.serviceregistry.client.http.RestUtils.lambda$null$1(RestUtils.java:93)
[2019-03-17 09:59:34,114/CST][registry-vert.x-eventloop-thread-0][ERROR]POST /v4/default/registry/microservices fail, endpoint is cse.cn-north-1.myhuaweicloud.com:443, message: Search domain query failed. Original hostname: 'cse.cn-north-1.myhuaweicloud.com' failed to resolve 'cse.cn-north-1.myhuaweicloud.com'. Exceeded max queries per resolve 4  org.apache.servicecomb.serviceregistry.client.http.RestUtils.lambda$null$1(RestUtils.java:93)
[2019-03-17 09:59:34,115/CST][registry-vert.x-eventloop-thread-0][WARN]invoke service [/v4/default/registry/microservices] failed, retry. org.apache.servicecomb.serviceregistry.client.http.ServiceRegistryClientImpl.retry(ServiceRegistryClientImpl.java:105)
[2019-03-17 09:59:34,117/CST][registry-vert.x-eventloop-thread-0][INFO]Change service center address from cse.cn-north-1.myhuaweicloud.com:443 to cse.cn-north-1.myhuaweicloud.com:443 org.apache.servicecomb.serviceregistry.client.IpPortManager.getNextAvailableAddress(IpPortManager.java:100)
[2019-03-17 09:59:34,543/CST][config-center-vert.x-eventloop-thread-0][ERROR]Config update from https://cse.cn-north-1.myhuaweicloud.com:443 failed. Error message is [The timeout period of 9000ms has been exceeded while executing GET /v3/default/configuration/items?dimensionsInfo=provider%40Training21Days-HelloWorld%230.0.1&revision=default for host cse.cn-north-1.myhuaweicloud.com]. org.apache.servicecomb.config.client.ConfigCenterClient$ConfigRefresh.lambda$null$13(ConfigCenterClient.java:426)
[2019-03-17 09:59:35,545/CST][config-center-vert.x-eventloop-thread-0][ERROR]Config update from https://cse.cn-north-1.myhuaweicloud.com:443 failed. Error message is [Search domain query failed. Original hostname: 'cse.cn-north-1.myhuaweicloud.com' failed to resolve 'cse.cn-north-1.myhuaweicloud.com'. Exceeded max queries per resolve 4 ]. org.apache.servicecomb.config.client.ConfigCenterClient$ConfigRefresh.lambda$null$13(ConfigCenterClient.java:426)
[2019-03-17 09:59:44,123/CST][registry-vert.x-eventloop-thread-0][ERROR]POST /v4/default/registry/microservices fail, endpoint is cse.cn-north-1.myhuaweicloud.com:443, message: Search domain query failed. Original hostname: 'cse.cn-north-1.myhuaweicloud.com' failed to resolve 'cse.cn-north-1.myhuaweicloud.com'. Exceeded max queries per resolve 4  org.apache.servicecomb.serviceregistry.client.http.RestUtils.lambda$null$1(RestUtils.java:93)
[2019-03-17 09:59:44,139/CST][registry-vert.x-eventloop-thread-0][WARN]invoke service [/v4/default/registry/microservices] failed, retry. org.apache.servicecomb.serviceregistry.client.http.ServiceRegistryClientImpl.retry(ServiceRegistryClientImpl.java:105)
[2019-03-17 09:59:44,141/CST][registry-vert.x-eventloop-thread-0][INFO]Change service center address from cse.cn-north-1.myhuaweicloud.com:443 to cse.cn-north-1.myhuaweicloud.com:443 org.apache.servicecomb.serviceregistry.client.IpPortManager.getNextAvailableAddress(IpPortManager.java:100)
[2019-03-17 09:59:48,546/CST][config-center-vert.x-eventloop-thread-0][ERROR]Config update from https://cse.cn-north-1.myhuaweicloud.com:443 failed. Error message is [The timeout period of 9000ms has been exceeded while executing GET /v3/default/configuration/items?dimensionsInfo=provider%40Training21Days-HelloWorld%230.0.1&revision=default for host cse.cn-north-1.myhuaweicloud.com]. org.apache.servicecomb.config.client.ConfigCenterClient$ConfigRefresh.lambda$null$13(ConfigCenterClient.java:426)
[2019-03-17 09:59:49,549/CST][config-center-vert.x-eventloop-thread-0][ERROR]Config update from https://cse.cn-north-1.myhuaweicloud.com:443 failed. Error message is [Search domain query failed. Original hostname: 'cse.cn-north-1.myhuaweicloud.com' failed to resolve 'cse.cn-north-1.myhuaweicloud.com'. Exceeded max queries per resolve 4 ]. org.apache.servicecomb.config.client.ConfigCenterClient$ConfigRefresh.lambda$null$13(ConfigCenterClient.java:426)
[2019-03-17 09:59:54,147/CST][registry-vert.x-eventloop-thread-0][ERROR]POST /v4/default/registry/microservices fail, endpoint is cse.cn-north-1.myhuaweicloud.com:443, message: Search domain query failed. Original hostname: 'cse.cn-north-1.myhuaweicloud.com' failed to resolve 'cse.cn-north-1.myhuaweicloud.com'. Exceeded max queries per resolve 4  org.apache.servicecomb.serviceregistry.client.http.RestUtils.lambda$null$1(RestUtils.java:93)
[2019-03-17 09:59:54,148/CST][main][ERROR]Registry microservice failed. appId=[Training21Days-HelloWorld], name=[provider], version=[0.0.1], env=[development] org.apache.servicecomb.serviceregistry.task.MicroserviceRegisterTask.doRegister(MicroserviceRegisterTask.java:97)
[2019-03-17 09:59:54,149/CST][main][INFO]read MicroserviceRegisterTask status is READY org.apache.servicecomb.serviceregistry.task.ServiceCenterTask.onRegisterTask(ServiceCenterTask.java:51)
[2019-03-17 09:59:54,153/CST][main][INFO]Waiting for status up. timeout: 10000ms org.apache.servicecomb.core.SCBEngine.waitStatusUp(SCBEngine.java:362)
[2019-03-17 10:00:02,549/CST][config-center-vert.x-eventloop-thread-0][ERROR]Config update from https://cse.cn-north-1.myhuaweicloud.com:443 failed. Error message is [The timeout period of 9000ms has been exceeded while executing GET /v3/default/configuration/items?dimensionsInfo=provider%40Training21Days-HelloWorld%230.0.1&revision=default for host cse.cn-north-1.myhuaweicloud.com]. org.apache.servicecomb.config.client.ConfigCenterClient$ConfigRefresh.lambda$null$13(ConfigCenterClient.java:426)
[2019-03-17 10:00:03,552/CST][config-center-vert.x-eventloop-thread-0][ERROR]Config update from https://cse.cn-north-1.myhuaweicloud.com:443 failed. Error message is [Search domain query failed. Original hostname: 'cse.cn-north-1.myhuaweicloud.com' failed to resolve 'cse.cn-north-1.myhuaweicloud.com'. Exceeded max queries per resolve 4 ]. org.apache.servicecomb.config.client.ConfigCenterClient$ConfigRefresh.lambda$null$13(ConfigCenterClient.java:426)
[2019-03-17 10:00:04,163/CST][main][WARN]Timeout to wait status up, timeout: 10000ms, last status: STARTING org.apache.servicecomb.core.SCBEngine.init(SCBEngine.java:212)
[2019-03-17 10:00:16,556/CST][config-center-vert.x-eventloop-thread-0][ERROR]Config update from https://cse.cn-north-1.myhuaweicloud.com:443 failed. Error message is [The timeout period of 9000ms has been exceeded while executing GET /v3/default/configuration/items?dimensionsInfo=provider%40Training21Days-HelloWorld%230.0.1&revision=default for host cse.cn-north-1.myhuaweicloud.com]. org.apache.servicecomb.config.client.ConfigCenterClient$ConfigRefresh.lambda$null$13(ConfigCenterClient.java:426)
[2019-03-17 10:00:17,558/CST][config-center-vert.x-eventloop-thread-0][ERROR]Config update from https://cse.cn-north-1.myhuaweicloud.com:443 failed. Error message is [Search domain query failed. Original hostname: 'cse.cn-north-1.myhuaweicloud.com' failed to resolve 'cse.cn-north-1.myhuaweicloud.com'. Exceeded max queries per resolve 4 ]. org.apache.servicecomb.config.client.ConfigCenterClient$ConfigRefresh.lambda$null$13(ConfigCenterClient.java:426)
[2019-03-17 10:00:24,151/CST][Service Center Task [java.util.concurrent.ThreadPoolExecutor$Worker@4be7661[State = -1, empty queue][30]]][INFO]sc task interval changed from -1 to 30 org.apache.servicecomb.serviceregistry.task.ServiceCenterTaskMonitor.beginCycle(ServiceCenterTaskMonitor.java:39)
[2019-03-17 10:00:24,152/CST][Service Center Task [java.util.concurrent.ThreadPoolExecutor$Worker@4be7661[State = -1, empty queue][30]]][INFO]running microservice register task. org.apache.servicecomb.serviceregistry.task.MicroserviceRegisterTask.doRegister(MicroserviceRegisterTask.java:75)
[2019-03-17 10:00:30,559/CST][config-center-vert.x-eventloop-thread-0][ERROR]Config update from https://cse.cn-north-1.myhuaweicloud.com:443 failed. Error message is [The timeout period of 9000ms has been exceeded while executing GET /v3/default/configuration/items?dimensionsInfo=provider%40Training21Days-HelloWorld%230.0.1&revision=default for host cse.cn-north-1.myhuaweicloud.com]. org.apache.servicecomb.config.client.ConfigCenterClient$ConfigRefresh.lambda$null$13(ConfigCenterClient.java:426)
[2019-03-17 10:00:31,561/CST][config-center-vert.x-eventloop-thread-0][ERROR]Config update from https://cse.cn-north-1.myhuaweicloud.com:443 failed. Error message is [Search domain query failed. Original hostname: 'cse.cn-north-1.myhuaweicloud.com' failed to resolve 'cse.cn-north-1.myhuaweicloud.com'. Exceeded max queries per resolve 4 ]. org.apache.servicecomb.config.client.ConfigCenterClient$ConfigRefresh.lambda$null$13(ConfigCenterClient.java:426)
[2019-03-17 10:00:34,158/CST][registry-vert.x-eventloop-thread-0][ERROR]GET /v4/default/registry/existence?appId=Training21Days-HelloWorld&type=microservice&serviceName=provider&env=development&version=0.0.1 fail, endpoint is cse.cn-north-1.myhuaweicloud.com:443, message: Search domain query failed. Original hostname: 'cse.cn-north-1.myhuaweicloud.com' failed to resolve 'cse.cn-north-1.myhuaweicloud.com'. Exceeded max queries per resolve 4  org.apache.servicecomb.serviceregistry.client.http.RestUtils.lambda$null$1(RestUtils.java:93)
[2019-03-17 10:00:34,159/CST][registry-vert.x-eventloop-thread-0][WARN]invoke service [/v4/default/registry/existence] failed, retry. org.apache.servicecomb.serviceregistry.client.http.ServiceRegistryClientImpl.retry(ServiceRegistryClientImpl.java:105)
[2019-03-17 10:00:34,161/CST][registry-vert.x-eventloop-thread-0][INFO]Change service center address from cse.cn-north-1.myhuaweicloud.com:443 to cse.cn-north-1.myhuaweicloud.com:443 org.apache.servicecomb.serviceregistry.client.IpPortManager.getNextAvailableAddress(IpPortManager.java:100)
[2019-03-17 10:00:44,165/CST][registry-vert.x-eventloop-thread-0][ERROR]GET /v4/default/registry/existence?appId=Training21Days-HelloWorld&type=microservice&serviceName=provider&env=development&version=0.0.1 fail, endpoint is cse.cn-north-1.myhuaweicloud.com:443, message: Search domain query failed. Original hostname: 'cse.cn-north-1.myhuaweicloud.com' failed to resolve 'cse.cn-north-1.myhuaweicloud.com'. Exceeded max queries per resolve 4  org.apache.servicecomb.serviceregistry.client.http.RestUtils.lambda$null$1(RestUtils.java:93)
[2019-03-17 10:00:44,166/CST][registry-vert.x-eventloop-thread-0][WARN]invoke service [/v4/default/registry/existence] failed, retry. org.apache.servicecomb.serviceregistry.client.http.ServiceRegistryClientImpl.retry(ServiceRegistryClientImpl.java:105)
[2019-03-17 10:00:44,169/CST][registry-vert.x-eventloop-thread-0][INFO]Change service center address from cse.cn-north-1.myhuaweicloud.com:443 to cse.cn-north-1.myhuaweicloud.com:443 org.apache.servicecomb.serviceregistry.client.IpPortManager.getNextAvailableAddress(IpPortManager.java:100)
[2019-03-17 10:00:44,562/CST][config-center-vert.x-eventloop-thread-0][ERROR]Config update from https://cse.cn-north-1.myhuaweicloud.com:443 failed. Error message is [The timeout period of 9000ms has been exceeded while executing GET /v3/default/configuration/items?dimensionsInfo=provider%40Training21Days-HelloWorld%230.0.1&revision=default for host cse.cn-north-1.myhuaweicloud.com]. org.apache.servicecomb.config.client.ConfigCenterClient$ConfigRefresh.lambda$null$13(ConfigCenterClient.java:426)
[2019-03-17 10:00:45,563/CST][config-center-vert.x-eventloop-thread-0][ERROR]Config update from https://cse.cn-north-1.myhuaweicloud.com:443 failed. Error message is [Search domain query failed. Original hostname: 'cse.cn-north-1.myhuaweicloud.com' failed to resolve 'cse.cn-north-1.myhuaweicloud.com'. Exceeded max queries per resolve 4 ]. org.apache.servicecomb.config.client.ConfigCenterClient$ConfigRefresh.lambda$null$13(ConfigCenterClient.java:426)
[2019-03-17 10:00:54,174/CST][registry-vert.x-eventloop-thread-0][ERROR]GET /v4/default/registry/existence?appId=Training21Days-HelloWorld&type=microservice&serviceName=provider&env=development&version=0.0.1 fail, endpoint is cse.cn-north-1.myhuaweicloud.com:443, message: Search domain query failed. Original hostname: 'cse.cn-north-1.myhuaweicloud.com' failed to resolve 'cse.cn-north-1.myhuaweicloud.com'. Exceeded max queries per resolve 4  org.apache.servicecomb.serviceregistry.client.http.RestUtils.lambda$null$1(RestUtils.java:93)
[2019-03-17 10:00:58,568/CST][config-center-vert.x-eventloop-thread-0][ERROR]Config update from https://cse.cn-north-1.myhuaweicloud.com:443 failed. Error message is [The timeout period of 9000ms has been exceeded while executing GET /v3/default/configuration/items?dimensionsInfo=provider%40Training21Days-HelloWorld%230.0.1&revision=default for host cse.cn-north-1.myhuaweicloud.com]. org.apache.servicecomb.config.client.ConfigCenterClient$ConfigRefresh.lambda$null$13(ConfigCenterClient.java:426)
[2019-03-17 10:00:59,570/CST][config-center-vert.x-eventloop-thread-0][ERROR]Config update from https://cse.cn-north-1.myhuaweicloud.com:443 failed. Error message is [Search domain query failed. Original hostname: 'cse.cn-north-1.myhuaweicloud.com' failed to resolve 'cse.cn-north-1.myhuaweicloud.com'. Exceeded max queries per resolve 4 ]. org.apache.servicecomb.config.client.ConfigCenterClient$ConfigRefresh.lambda$null$13(ConfigCenterClient.java:426)
[2019-03-17 10:01:04,181/CST][registry-vert.x-eventloop-thread-0][ERROR]POST /v4/default/registry/microservices fail, endpoint is cse.cn-north-1.myhuaweicloud.com:443, message: Search domain query failed. Original hostname: 'cse.cn-north-1.myhuaweicloud.com' failed to resolve 'cse.cn-north-1.myhuaweicloud.com'. Exceeded max queries per resolve 4  org.apache.servicecomb.serviceregistry.client.http.RestUtils.lambda$null$1(RestUtils.java:93)
[2019-03-17 10:01:04,182/CST][registry-vert.x-eventloop-thread-0][WARN]invoke service [/v4/default/registry/microservices] failed, retry. org.apache.servicecomb.serviceregistry.client.http.ServiceRegistryClientImpl.retry(ServiceRegistryClientImpl.java:105)
[2019-03-17 10:01:04,184/CST][registry-vert.x-eventloop-thread-0][INFO]Change service center address from cse.cn-north-1.myhuaweicloud.com:443 to cse.cn-north-1.myhuaweicloud.com:443 org.apache.servicecomb.serviceregistry.client.IpPortManager.getNextAvailableAddress(IpPortManager.java:100)
[2019-03-17 10:01:12,570/CST][config-center-vert.x-eventloop-thread-0][ERROR]Config update from https://cse.cn-north-1.myhuaweicloud.com:443 failed. Error message is [The timeout period of 9000ms has been exceeded while executing GET /v3/default/configuration/items?dimensionsInfo=provider%40Training21Days-HelloWorld%230.0.1&revision=default for host cse.cn-north-1.myhuaweicloud.com]. org.apache.servicecomb.config.client.ConfigCenterClient$ConfigRefresh.lambda$null$13(ConfigCenterClient.java:426)
[2019-03-17 10:01:13,572/CST][config-center-vert.x-eventloop-thread-0][ERROR]Config update from https://cse.cn-north-1.myhuaweicloud.com:443 failed. Error message is [Search domain query failed. Original hostname: 'cse.cn-north-1.myhuaweicloud.com' failed to resolve 'cse.cn-north-1.myhuaweicloud.com'. Exceeded max queries per resolve 4 ]. org.apache.servicecomb.config.client.ConfigCenterClient$ConfigRefresh.lambda$null$13(ConfigCenterClient.java:426)
[2019-03-17 10:01:14,188/CST][registry-vert.x-eventloop-thread-0][ERROR]POST /v4/default/registry/microservices fail, endpoint is cse.cn-north-1.myhuaweicloud.com:443, message: Search domain query failed. Original hostname: 'cse.cn-north-1.myhuaweicloud.com' failed to resolve 'cse.cn-north-1.myhuaweicloud.com'. Exceeded max queries per resolve 4  org.apache.servicecomb.serviceregistry.client.http.RestUtils.lambda$null$1(RestUtils.java:93)
[2019-03-17 10:01:14,188/CST][registry-vert.x-eventloop-thread-0][WARN]invoke service [/v4/default/registry/microservices] failed, retry. org.apache.servicecomb.serviceregistry.client.http.ServiceRegistryClientImpl.retry(ServiceRegistryClientImpl.java:105)
[2019-03-17 10:01:14,190/CST][registry-vert.x-eventloop-thread-0][INFO]Change service center address from cse.cn-north-1.myhuaweicloud.com:443 to cse.cn-north-1.myhuaweicloud.com:443 org.apache.servicecomb.serviceregistry.client.IpPortManager.getNextAvailableAddress(IpPortManager.java:100)
[2019-03-17 10:01:24,195/CST][registry-vert.x-eventloop-thread-0][ERROR]POST /v4/default/registry/microservices fail, endpoint is cse.cn-north-1.myhuaweicloud.com:443, message: Search domain query failed. Original hostname: 'cse.cn-north-1.myhuaweicloud.com' failed to resolve 'cse.cn-north-1.myhuaweicloud.com'. Exceeded max queries per resolve 4  org.apache.servicecomb.serviceregistry.client.http.RestUtils.lambda$null$1(RestUtils.java:93)
[2019-03-17 10:01:24,196/CST][Service Center Task [java.util.concurrent.ThreadPoolExecutor$Worker@4be7661[State = -1, empty queue][30]]][ERROR]Registry microservice failed. appId=[Training21Days-HelloWorld], name=[provider], version=[0.0.1], env=[development] org.apache.servicecomb.serviceregistry.task.MicroserviceRegisterTask.doRegister(MicroserviceRegisterTask.java:97)
[2019-03-17 10:01:24,199/CST][Service Center Task [java.util.concurrent.ThreadPoolExecutor$Worker@4be7661[State = -1, empty queue][30]]][INFO]read MicroserviceRegisterTask status is READY org.apache.servicecomb.serviceregistry.task.ServiceCenterTask.onRegisterTask(ServiceCenterTask.java:51)
[2019-03-17 10:01:24,202/CST][Service Center Task [java.util.concurrent.ThreadPoolExecutor$Worker@4be7661[State = -1, empty queue][30]]][WARN]sc task taken more than 60051ms to execute org.apache.servicecomb.serviceregistry.task.ServiceCenterTaskMonitor.endCycle(ServiceCenterTaskMonitor.java:51)
[2019-03-17 10:01:24,203/CST][Service Center Task [java.util.concurrent.ThreadPoolExecutor$Worker@1479c527[State = -1, empty queue][31]]][INFO]running microservice register task. org.apache.servicecomb.serviceregistry.task.MicroserviceRegisterTask.doRegister(MicroserviceRegisterTask.java:75)
[2019-03-17 10:01:26,619/CST][config-center-vert.x-eventloop-thread-0][ERROR]Config update from https://cse.cn-north-1.myhuaweicloud.com:443 failed. Error message is [The timeout period of 9000ms has been exceeded while executing GET /v3/default/configuration/items?dimensionsInfo=provider%40Training21Days-HelloWorld%230.0.1&revision=default for host cse.cn-north-1.myhuaweicloud.com]. org.apache.servicecomb.config.client.ConfigCenterClient$ConfigRefresh.lambda$null$13(ConfigCenterClient.java:426)
[2019-03-17 10:01:27,621/CST][config-center-vert.x-eventloop-thread-0][ERROR]Config update from https://cse.cn-north-1.myhuaweicloud.com:443 failed. Error message is [Search domain query failed. Original hostname: 'cse.cn-north-1.myhuaweicloud.com' failed to resolve 'cse.cn-north-1.myhuaweicloud.com'. Exceeded max queries per resolve 4 ]. org.apache.servicecomb.config.client.ConfigCenterClient$ConfigRefresh.lambda$null$13(ConfigCenterClient.java:426)
[2019-03-17 10:01:34,209/CST][registry-vert.x-eventloop-thread-0][ERROR]GET /v4/default/registry/existence?appId=Training21Days-HelloWorld&type=microservice&serviceName=provider&env=development&version=0.0.1 fail, endpoint is cse.cn-north-1.myhuaweicloud.com:443, message: Search domain query failed. Original hostname: 'cse.cn-north-1.myhuaweicloud.com' failed to resolve 'cse.cn-north-1.myhuaweicloud.com'. Exceeded max queries per resolve 4  org.apache.servicecomb.serviceregistry.client.http.RestUtils.lambda$null$1(RestUtils.java:93)
[2019-03-17 10:01:34,210/CST][registry-vert.x-eventloop-thread-0][WARN]invoke service [/v4/default/registry/existence] failed, retry. org.apache.servicecomb.serviceregistry.client.http.ServiceRegistryClientImpl.retry(ServiceRegistryClientImpl.java:105)
[2019-03-17 10:01:34,214/CST][registry-vert.x-eventloop-thread-0][INFO]Change service center address from cse.cn-north-1.myhuaweicloud.com:443 to cse.cn-north-1.myhuaweicloud.com:443 org.apache.servicecomb.serviceregistry.client.IpPortManager.getNextAvailableAddress(IpPortManager.java:100)
[2019-03-17 10:01:40,622/CST][config-center-vert.x-eventloop-thread-0][ERROR]Config update from https://cse.cn-north-1.myhuaweicloud.com:443 failed. Error message is [The timeout period of 9000ms has been exceeded while executing GET /v3/default/configuration/items?dimensionsInfo=provider%40Training21Days-HelloWorld%230.0.1&revision=default for host cse.cn-north-1.myhuaweicloud.com]. org.apache.servicecomb.config.client.ConfigCenterClient$ConfigRefresh.lambda$null$13(ConfigCenterClient.java:426)
[2019-03-17 10:01:41,626/CST][config-center-vert.x-eventloop-thread-0][ERROR]Config update from https://cse.cn-north-1.myhuaweicloud.com:443 failed. Error message is [Search domain query failed. Original hostname: 'cse.cn-north-1.myhuaweicloud.com' failed to resolve 'cse.cn-north-1.myhuaweicloud.com'. Exceeded max queries per resolve 4 ]. org.apache.servicecomb.config.client.ConfigCenterClient$ConfigRefresh.lambda$null$13(ConfigCenterClient.java:426)
[2019-03-17 10:01:44,223/CST][registry-vert.x-eventloop-thread-0][ERROR]GET /v4/default/registry/existence?appId=Training21Days-HelloWorld&type=microservice&serviceName=provider&env=development&version=0.0.1 fail, endpoint is cse.cn-north-1.myhuaweicloud.com:443, message: Search domain query failed. Original hostname: 'cse.cn-north-1.myhuaweicloud.com' failed to resolve 'cse.cn-north-1.myhuaweicloud.com'. Exceeded max queries per resolve 4  org.apache.servicecomb.serviceregistry.client.http.RestUtils.lambda$null$1(RestUtils.java:93)
[2019-03-17 10:01:44,224/CST][registry-vert.x-eventloop-thread-0][WARN]invoke service [/v4/default/registry/existence] failed, retry. org.apache.servicecomb.serviceregistry.client.http.ServiceRegistryClientImpl.retry(ServiceRegistryClientImpl.java:105)
[2019-03-17 10:01:44,225/CST][registry-vert.x-eventloop-thread-0][INFO]Change service center address from cse.cn-north-1.myhuaweicloud.com:443 to cse.cn-north-1.myhuaweicloud.com:443 org.apache.servicecomb.serviceregistry.client.IpPortManager.getNextAvailableAddress(IpPortManager.java:100)
[2019-03-17 10:01:54,232/CST][registry-vert.x-eventloop-thread-0][ERROR]GET /v4/default/registry/existence?appId=Training21Days-HelloWorld&type=microservice&serviceName=provider&env=development&version=0.0.1 fail, endpoint is cse.cn-north-1.myhuaweicloud.com:443, message: Search domain query failed. Original hostname: 'cse.cn-north-1.myhuaweicloud.com' failed to resolve 'cse.cn-north-1.myhuaweicloud.com'. Exceeded max queries per resolve 4  org.apache.servicecomb.serviceregistry.client.http.RestUtils.lambda$null$1(RestUtils.java:93)
[2019-03-17 10:01:54,625/CST][config-center-vert.x-eventloop-thread-0][ERROR]Config update from https://cse.cn-north-1.myhuaweicloud.com:443 failed. Error message is [The timeout period of 9000ms has been exceeded while executing GET /v3/default/configuration/items?dimensionsInfo=provider%40Training21Days-HelloWorld%230.0.1&revision=default for host cse.cn-north-1.myhuaweicloud.com]. org.apache.servicecomb.config.client.ConfigCenterClient$ConfigRefresh.lambda$null$13(ConfigCenterClient.java:426)
[2019-03-17 10:01:55,629/CST][config-center-vert.x-eventloop-thread-0][ERROR]Config update from https://cse.cn-north-1.myhuaweicloud.com:443 failed. Error message is [Search domain query failed. Original hostname: 'cse.cn-north-1.myhuaweicloud.com' failed to resolve 'cse.cn-north-1.myhuaweicloud.com'. Exceeded max queries per resolve 4 ]. org.apache.servicecomb.config.client.ConfigCenterClient$ConfigRefresh.lambda$null$13(ConfigCenterClient.java:426)
[2019-03-17 10:02:04,241/CST][registry-vert.x-eventloop-thread-0][ERROR]POST /v4/default/registry/microservices fail, endpoint is cse.cn-north-1.myhuaweicloud.com:443, message: Search domain query failed. Original hostname: 'cse.cn-north-1.myhuaweicloud.com' failed to resolve 'cse.cn-north-1.myhuaweicloud.com'. Exceeded max queries per resolve 4  org.apache.servicecomb.serviceregistry.client.http.RestUtils.lambda$null$1(RestUtils.java:93)
[2019-03-17 10:02:04,243/CST][registry-vert.x-eventloop-thread-0][WARN]invoke service [/v4/default/registry/microservices] failed, retry. org.apache.servicecomb.serviceregistry.client.http.ServiceRegistryClientImpl.retry(ServiceRegistryClientImpl.java:105)
[2019-03-17 10:02:04,245/CST][registry-vert.x-eventloop-thread-0][INFO]Change service center address from cse.cn-north-1.myhuaweicloud.com:443 to cse.cn-north-1.myhuaweicloud.com:443 org.apache.servicecomb.serviceregistry.client.IpPortManager.getNextAvailableAddress(IpPortManager.java:100)
[2019-03-17 10:02:08,661/CST][config-center-vert.x-eventloop-thread-0][ERROR]Config update from https://cse.cn-north-1.myhuaweicloud.com:443 failed. Error message is [The timeout period of 9000ms has been exceeded while executing GET /v3/default/configuration/items?dimensionsInfo=provider%40Training21Days-HelloWorld%230.0.1&revision=default for host cse.cn-north-1.myhuaweicloud.com]. org.apache.servicecomb.config.client.ConfigCenterClient$ConfigRefresh.lambda$null$13(ConfigCenterClient.java:426)
[2019-03-17 10:02:09,665/CST][config-center-vert.x-eventloop-thread-0][ERROR]Config update from https://cse.cn-north-1.myhuaweicloud.com:443 failed. Error message is [Search domain query failed. Original hostname: 'cse.cn-north-1.myhuaweicloud.com' failed to resolve 'cse.cn-north-1.myhuaweicloud.com'. Exceeded max queries per resolve 4 ]. org.apache.servicecomb.config.client.ConfigCenterClient$ConfigRefresh.lambda$null$13(ConfigCenterClient.java:426)
[2019-03-17 10:02:14,251/CST][registry-vert.x-eventloop-thread-0][ERROR]POST /v4/default/registry/microservices fail, endpoint is cse.cn-north-1.myhuaweicloud.com:443, message: Search domain query failed. Original hostname: 'cse.cn-north-1.myhuaweicloud.com' failed to resolve 'cse.cn-north-1.myhuaweicloud.com'. Exceeded max queries per resolve 4  org.apache.servicecomb.serviceregistry.client.http.RestUtils.lambda$null$1(RestUtils.java:93)
[2019-03-17 10:02:14,252/CST][registry-vert.x-eventloop-thread-0][WARN]invoke service [/v4/default/registry/microservices] failed, retry. org.apache.servicecomb.serviceregistry.client.http.ServiceRegistryClientImpl.retry(ServiceRegistryClientImpl.java:105)
[2019-03-17 10:02:14,253/CST][registry-vert.x-eventloop-thread-0][INFO]Change service center address from cse.cn-north-1.myhuaweicloud.com:443 to cse.cn-north-1.myhuaweicloud.com:443 org.apache.servicecomb.serviceregistry.client.IpPortManager.getNextAvailableAddress(IpPortManager.java:100)
[2019-03-17 10:02:22,663/CST][config-center-vert.x-eventloop-thread-0][ERROR]Config update from https://cse.cn-north-1.myhuaweicloud.com:443 failed. Error message is [The timeout period of 9000ms has been exceeded while executing GET /v3/default/configuration/items?dimensionsInfo=provider%40Training21Days-HelloWorld%230.0.1&revision=default for host cse.cn-north-1.myhuaweicloud.com]. org.apache.servicecomb.config.client.ConfigCenterClient$ConfigRefresh.lambda$null$13(ConfigCenterClient.java:426)
[2019-03-17 10:02:23,665/CST][config-center-vert.x-eventloop-thread-0][ERROR]Config update from https://cse.cn-north-1.myhuaweicloud.com:443 failed. Error message is [Search domain query failed. Original hostname: 'cse.cn-north-1.myhuaweicloud.com' failed to resolve 'cse.cn-north-1.myhuaweicloud.com'. Exceeded max queries per resolve 4 ]. org.apache.servicecomb.config.client.ConfigCenterClient$ConfigRefresh.lambda$null$13(ConfigCenterClient.java:426)
[2019-03-17 10:02:24,259/CST][registry-vert.x-eventloop-thread-0][ERROR]POST /v4/default/registry/microservices fail, endpoint is cse.cn-north-1.myhuaweicloud.com:443, message: Search domain query failed. Original hostname: 'cse.cn-north-1.myhuaweicloud.com' failed to resolve 'cse.cn-north-1.myhuaweicloud.com'. Exceeded max queries per resolve 4  org.apache.servicecomb.serviceregistry.client.http.RestUtils.lambda$null$1(RestUtils.java:93)
[2019-03-17 10:02:24,260/CST][Service Center Task [java.util.concurrent.ThreadPoolExecutor$Worker@1479c527[State = -1, empty queue][31]]][ERROR]Registry microservice failed. appId=[Training21Days-HelloWorld], name=[provider], version=[0.0.1], env=[development] org.apache.servicecomb.serviceregistry.task.MicroserviceRegisterTask.doRegister(MicroserviceRegisterTask.java:97)
[2019-03-17 10:02:24,262/CST][Service Center Task [java.util.concurrent.ThreadPoolExecutor$Worker@1479c527[State = -1, empty queue][31]]][INFO]read MicroserviceRegisterTask status is READY org.apache.servicecomb.serviceregistry.task.ServiceCenterTask.onRegisterTask(ServiceCenterTask.java:51)
[2019-03-17 10:02:24,263/CST][Service Center Task [java.util.concurrent.ThreadPoolExecutor$Worker@1479c527[State = -1, empty queue][31]]][WARN]sc task taken more than 60060ms to execute org.apache.servicecomb.serviceregistry.task.ServiceCenterTaskMonitor.endCycle(ServiceCenterTaskMonitor.java:51)
[2019-03-17 10:02:24,264/CST][Service Center Task [java.util.concurrent.ThreadPoolExecutor$Worker@1479c527[State = -1, empty queue][31]]][INFO]running microservice register task. org.apache.servicecomb.serviceregistry.task.MicroserviceRegisterTask.doRegister(MicroserviceRegisterTask.java:75)
[2019-03-17 10:02:34,268/CST][registry-vert.x-eventloop-thread-0][ERROR]GET /v4/default/registry/existence?appId=Training21Days-HelloWorld&type=microservice&serviceName=provider&env=development&version=0.0.1 fail, endpoint is cse.cn-north-1.myhuaweicloud.com:443, message: Search domain query failed. Original hostname: 'cse.cn-north-1.myhuaweicloud.com' failed to resolve 'cse.cn-north-1.myhuaweicloud.com'. Exceeded max queries per resolve 4  org.apache.servicecomb.serviceregistry.client.http.RestUtils.lambda$null$1(RestUtils.java:93)
[2019-03-17 10:02:34,269/CST][registry-vert.x-eventloop-thread-0][WARN]invoke service [/v4/default/registry/existence] failed, retry. org.apache.servicecomb.serviceregistry.client.http.ServiceRegistryClientImpl.retry(ServiceRegistryClientImpl.java:105)
[2019-03-17 10:02:34,270/CST][registry-vert.x-eventloop-thread-0][INFO]Change service center address from cse.cn-north-1.myhuaweicloud.com:443 to cse.cn-north-1.myhuaweicloud.com:443 org.apache.servicecomb.serviceregistry.client.IpPortManager.getNextAvailableAddress(IpPortManager.java:100)
[2019-03-17 10:02:36,665/CST][config-center-vert.x-eventloop-thread-0][ERROR]Config update from https://cse.cn-north-1.myhuaweicloud.com:443 failed. Error message is [The timeout period of 9000ms has been exceeded while executing GET /v3/default/configuration/items?dimensionsInfo=provider%40Training21Days-HelloWorld%230.0.1&revision=default for host cse.cn-north-1.myhuaweicloud.com]. org.apache.servicecomb.config.client.ConfigCenterClient$ConfigRefresh.lambda$null$13(ConfigCenterClient.java:426)
[2019-03-17 10:02:37,668/CST][config-center-vert.x-eventloop-thread-0][ERROR]Config update from https://cse.cn-north-1.myhuaweicloud.com:443 failed. Error message is [Search domain query failed. Original hostname: 'cse.cn-north-1.myhuaweicloud.com' failed to resolve 'cse.cn-north-1.myhuaweicloud.com'. Exceeded max queries per resolve 4 ]. org.apache.servicecomb.config.client.ConfigCenterClient$ConfigRefresh.lambda$null$13(ConfigCenterClient.java:426)
[2019-03-17 10:02:44,275/CST][registry-vert.x-eventloop-thread-0][ERROR]GET /v4/default/registry/existence?appId=Training21Days-HelloWorld&type=microservice&serviceName=provider&env=development&version=0.0.1 fail, endpoint is cse.cn-north-1.myhuaweicloud.com:443, message: Search domain query failed. Original hostname: 'cse.cn-north-1.myhuaweicloud.com' failed to resolve 'cse.cn-north-1.myhuaweicloud.com'. Exceeded max queries per resolve 4  org.apache.servicecomb.serviceregistry.client.http.RestUtils.lambda$null$1(RestUtils.java:93)
[2019-03-17 10:02:44,275/CST][registry-vert.x-eventloop-thread-0][WARN]invoke service [/v4/default/registry/existence] failed, retry. org.apache.servicecomb.serviceregistry.client.http.ServiceRegistryClientImpl.retry(ServiceRegistryClientImpl.java:105)
[2019-03-17 10:02:44,277/CST][registry-vert.x-eventloop-thread-0][INFO]Change service center address from cse.cn-north-1.myhuaweicloud.com:443 to cse.cn-north-1.myhuaweicloud.com:443 org.apache.servicecomb.serviceregistry.client.IpPortManager.getNextAvailableAddress(IpPortManager.java:100)
[2019-03-17 10:02:50,667/CST][config-center-vert.x-eventloop-thread-0][ERROR]Config update from https://cse.cn-north-1.myhuaweicloud.com:443 failed. Error message is [The timeout period of 9000ms has been exceeded while executing GET /v3/default/configuration/items?dimensionsInfo=provider%40Training21Days-HelloWorld%230.0.1&revision=default for host cse.cn-north-1.myhuaweicloud.com]. org.apache.servicecomb.config.client.ConfigCenterClient$ConfigRefresh.lambda$null$13(ConfigCenterClient.java:426)
[2019-03-17 10:02:51,670/CST][config-center-vert.x-eventloop-thread-0][ERROR]Config update from https://cse.cn-north-1.myhuaweicloud.com:443 failed. Error message is [Search domain query failed. Original hostname: 'cse.cn-north-1.myhuaweicloud.com' failed to resolve 'cse.cn-north-1.myhuaweicloud.com'. Exceeded max queries per resolve 4 ]. org.apache.servicecomb.config.client.ConfigCenterClient$ConfigRefresh.lambda$null$13(ConfigCenterClient.java:426)
[2019-03-17 10:02:54,282/CST][registry-vert.x-eventloop-thread-0][ERROR]GET /v4/default/registry/existence?appId=Training21Days-HelloWorld&type=microservice&serviceName=provider&env=development&version=0.0.1 fail, endpoint is cse.cn-north-1.myhuaweicloud.com:443, message: Search domain query failed. Original hostname: 'cse.cn-north-1.myhuaweicloud.com' failed to resolve 'cse.cn-north-1.myhuaweicloud.com'. Exceeded max queries per resolve 4  org.apache.servicecomb.serviceregistry.client.http.RestUtils.lambda$null$1(RestUtils.java:93)
